<?xml version="1.0" encoding="UTF-8"?>
<!-- Generated by org.testng.reporters.JUnitReportReporter -->
<testsuite hostname="LAPTOP-DQC7M09M" failures="0" tests="1" name="vishnu.NewTest" time="0.013" errors="0" timestamp="2024-09-04T11:30:23 IST" skipped="0">
  <testcase classname="vishnu.NewTest" name="verifyHomepageTitle" time="0.013"/>
  <system-out/>
</testsuite> <!-- vishnu.NewTest -->
